This is pdfTeX, Version 3.14159265-2.6-1.40.16 (TeX Live 2015/Debian) (preloaded format=pdflatex 2017.9.14)  2 FEB 2018 00:11
entering extended mode
 restricted \write18 enabled.
 %&-line parsing enabled.
**acmart.ins
(./acmart.ins
LaTeX2e <2016/02/01>
Babel <3.9q> and hyphenation patterns for 81 language(s) loaded.
(/usr/share/texlive/texmf-dist/tex/latex/base/docstrip.tex
\blockLevel=\count79
\emptyLines=\count80
\processedLines=\count81
\commentsRemoved=\count82
\commentsPassed=\count83
\codeLinesPassed=\count84
\TotalprocessedLines=\count85
\TotalcommentsRemoved=\count86
\TotalcommentsPassed=\count87
\TotalcodeLinesPassed=\count88
\NumberOfFiles=\count89
\inFile=\read1
\inputcheck=\read2
\off@0=\count90
\off@1=\count91
\off@2=\count92
\off@3=\count93
\off@4=\count94
\off@5=\count95
\off@6=\count96
\off@7=\count97
\off@8=\count98
\off@9=\count99
\off@10=\count100
\off@11=\count101
\off@12=\count102
\off@13=\count103
\off@14=\count104
\off@15=\count105
\@maxfiles=\count106
\@maxoutfiles=\count107

Utility: `docstrip' 2.5e <2014/09/29>
English documentation    <2014/09/29>

**********************************************************
* This program converts documented macro-files into fast *
* loadable files by stripping off (nearly) all comments! *
**********************************************************

********************************************************
* No Configuration file found, using default settings. *
********************************************************

(./acmart.ins

Generating file(s) ./acmart.cls 
\openout0 = `./acmart.cls'.


Processing file acmart.dtx (class) -> acmart.cls
% % % % % % % % % % % % % % % % % % % % % % % % % % % % % % % % % % % % % % %
% % % % % % % % % % % % % % % % % % % % % % % % % % % % % % % % % % % % % % %
% % % % % % % % % % % % % % % % % % % % % % % % % % % % % % % % % % % % % % %
% % % % % % % % % % % % % % % % % % % % % % % % % % % % % % % % % % % % % % %
% % % % % % % % % % % % % % % % % % % % % % % % % % % % % % % % % % % % % % %
% % % % % % % % % % % % % % % % % % % % % % % % % % % % % % % % % % % % % % %
% % % % % % % % % % % % % % % % % % % % % % % % % % % % % % % % % % % % % % %
% % % % % % % % % % % % % % % % % % % % % % % % % % % % % % % % % % % % % % %
% % % % % % % % % % % % % % % % % % % % % % % % % % % % % % % % % % % % % % %
% % % % % % % % % % % % % % % % % % % % % % % % % % % % % % % % % % % % % % %
% % % % % % % % % % % % % % % % % % % % % % % % % % % % % % % % % % % % % % %
% % % % % % % % % % % % % % % % % % % % % % % % % % % % % % % % % % % % % % %
% % % % % % % % % % % % % % % % % % % % % % % % % % % % % % % % % % % % % % %
% % % % % % % % % % % % % % % % % % % % % % % % % % % % % % % % % % % % % % %
% % % % % % % % % % % % % % % % % % % % % % % % % % % % % % % % % % % % % % %
% % % % % % % % % % % % % % % % % % % % % % % % % % % % % % % % % % % % % % %
% % % % % % % % % % % % % % % % % % % % % % % % % % % % % % % % % % % % % % %
% % % % % % % % % % % % % % % % % % % % % % % % % % % % % % % % % % % % % % %
% % % % % % % % % % % % % % % % % % % % % % % % % % % % % % % % % % % % % % %
% % % % % % % % % % % % % % % % % % % % % % % % % % % % % % % % % % % % % % %
% % % % % % % % % % % % % % % % % % % % % % % % % % % % % % % % % % % % % % %
% % % % % % % % % % % % % % % % % % % % % % % % % % % % % % % % % % % % % % %
% % % % % % % % % % % % % % % % % % % % % % % % % % % % % % % % % % % % % % %
% % % % % % % % % % % % % % % % % % % % % % % % % % % % % % % % % % % % % % %
% % % % % % % % % % % % % % % % % % % % % % % % % % % % % % % % % % % % % % %
% % % % % % % % % % % % % % % % % % % % % % % % % % % % % % % % % % % % % % %
% % % % % % % % % % % % % % % % % % % % % % % % % % % % % % % % % % % % % % %
% % % % % % % % % % % % % % % % % % % % % % % % % % % % % % % % % % % % % % %
% % % % % % % % % % % % % % % % % % % % % % % % % % % % % % % % % % % % % % %
% % % % % % % % % % % % % % % % % % % % % % % % % % % % % % % % % % % % % % %
% % % % % % % % % % % % % % % % % % % % % % % % % % % % % % % % % % % % % % %
% % % % % % % % % % % % % % % % % % % % % % % % % % % % % % % % % % % % % % %
% % % % % % % % % % % % % % % % % % % % % % % % % % % % % % % % % % % % % % %
% % % % % % % % % % % % % % % % % % % % % % % % % % % % % % % % % % % % % % %
% % % % % % % % % % % % % % % % % % % % % % % % % % % % % % % % % % % % % % %
% % % % % % % % % % % % % % % % % % % % % % % % % % % % % % % % % % % % % % %
% % % % % % % % % % % % % % % % % % % % % % % % % % % % % % % % % % % % % % %
% % % % % % % % % % % % % % % % % % % % % % % % % % % % % % % % % % % % % % %
% % % % % % % % % % % % % % % % % % % % % % % % % % % % % % % % % % % % % % %
% % % % % % % % % % % % % % % % % % % % % % % % % % % % % % % % % % % % % % %
% % % % % % % % % % % % % % % % % % % % % % % % % % % % % % % % % % % % % % %
% % % % % % % % % % % % % % % % % % % % % % % % % % % % % % % % <class . >
<*gobble . > <class . > . . % % % % % % % % % % % % % % % % % % % % % % % % %
% % % % % % % % % % % % % % % % % % % % % % % % % % % % % % % % % % % % % % %
% % % % % % % % % % % % <*gobble . . . . . . . . . . . . . . > <*class . % % %
% % % % % % . . . . % % % % % % % . % % % % . % % % % % % % . . . . . . . . .
. . . . . . . . % % % % % % % . . . . . . . . % % % % % % % % % . . . . . . .
. % % % % % % % % % . . . . . . . . . % % % % % % % % . . . . . . . . % % % %
% % % % % % % % % % . . . . . . . . % % % % % % % % . . . . . . . . % % % % %
% % % % . . . . . . . . % % % % % % % % % % . . . . . . . . . . % % % % % % %
% . . . . . % % % % % % % % % . . . . % % % % % % % % % % . % % % % % % % . %
% % % % % % % . % % % % % % % . . . . . . . . . . . . . . . . . . . . . . . .
. . . . . . . . % % % % % % % % % % % % % % . . . . . . . . . . . . . . . . .
. . . . . . . . % % % % . . . . . . . . . . . . . . . . % % % % % . % % % % %
% . . % % % % % . % % % % . . . . % % % % % . % % % % % % % % % % % . . . . .
. . . . . . . . . . . . . . . . . . . . . . . . . . . . . . . . . . . . . . .
. . . . . . . . . . . . . . . . . . . . . . . . . . . . . . . . . . . . % % %
% % % % % % . . . . . . % % % % % % % % % % . . . . . % % % % % % % . . . % %
% % % % % % % . . . . . . . . . . . . . . . . . . . . . . . . . . . . . . . .
. . . . . . . . . . . . . . . . . . . . . . . . . . . . . . . . . . . . . . .
. . . . . . . . . . . . . . . . . . . . . % % % % % % % % % % . . . . . . . .
. . . . . % % % % % % % % . % % % % % % % . % % % % % % % . % % % % % % % % %
. . . . . . . . . . . . . . . . . . . . . . . . . . . . . . . . . % % % % % %
. . . . . . . . . . . . . . . . . . . % % % % % % % % % . . . . . . . % % % %
% % % . % % % % . . . . . . . . % % % % % . . . . . . . . % % % % % % % % % %
% % % . . . . . . . . . . . . . . . . . . . . . . . . . . . . . . . . . . . .
. . . . . . . . . . . . . . . . . . . . . . . . . . . . % % % % % % % . . . .
. . . . . . . . . . % % % % % % % % % % % % % % . % % % % % % % % % % % % % %
% % % . . % % % % . . . . . % % % % % % % . . % % % % % % % . . . . . . . . .
. . . % % % % % % % . % % % % % % % . . . . . . . . . . . . % % % % % % % % .
. . . . . . . . . . . % % % % % % % % % . % % % % % % % % % % . . % % % % % %
% % % % % % % % % % . . . . . . . . . . . . . % % % % % % % . . . . . . . . .
. . % % % % % % % % % % . . . . . . % % % % % % % . . . % % % % % % % . . . %
% % % % % % % . . . . . . . . . . . . . . . . . . . . . . . . . . . . % % % %
% . . . % % % % % % % . . % % % % % % % . % % % % % % % % . . % % % % % % % .
% % % % % % % % . . % % % % % % % % % % . . % % % % % % % % % . . . . . . % %
% % % % % . . . . % % % % % % % % . . . . . . . . . . % % % % % % % % % . . .
. . . . . . . . . . . . % % % % % % % % % % % % . . . . . . . . . . . . . . .
. . . . . . . . . . . . . . . . . . . . . . . . . % % % % % % % % . % % % % %
% % % % % % . . . . . . . % % % % % % % % % % % % % % % % % % . . . . . . . .
. . . . . . . . . . . . . . . . . . . . . . . . . . . . . . . . . . . . . . .
. . . . . . . . . . . . . . . . . . . . . . . . . . . . . . . . . . . . . . .
. . . . . . . . . . . . . . . . . . . . . . . . . . . . . . . . . . . . . . .
. . . . . . . . . . . . . . . . . . . . . . . . . . . . . . . . . . . . . . .
. . . . . . . . . . . . . . . . . . . . . . . . . . . . . . . . . . . . . . .
. . . . . . . . . . . . . . . . . . . . . . . . . . . . . . . . . . . . . . .
. . . . . . . . . . . . . . . . . . . . . . . . . . % % % % . % % % % % % . .
. . . % % % % % % . . . . . . . . . . % % % % % % % % % % . . . . % % % % % %
% % % . % % % % % % % % . % % % % % % % % . . . . . . % % % % % % % . . % % %
% % % % % % % . . % % % % % % % % . . % % % % % % % % % % % . . % % % % % % %
% % . . . . . . . . . . . . . . . . . . . . . . . . . . . . . . . . . . . . .
. . . % % % % % % % % % % % . . . . . % % % % % % % % % . . % % % % % % % % %
% . % % % % % % % % . . . . . . . . . . . % % % % % % % % . . . . % % % % % %
% % . % % % % % % % % . . % % % % % % % % . % % % % % % % . . . . . . . . % %
% % % % % . % % % % % % % . . . . . . . . . % % % % % % % . % % % % % % % % .
. . . . . % % % % % % % % . . . . . . % % % % % % % % . . % % % % % % % % . .
% % % % % % % % % . . % % % % % % % % % . . % % % % % % % % % % . . % % % % %
% % % % % . . % % % % % % % % . . . . % % % % % % % . . % % % % % % % % % . .
% % % % % % % % % . . % % % % % % % % . . % % % % % % % % % . . % % % % % % %
% . . % % % % % % % % % . % % % % % % % % % . . % % % % % % % % . . . . . % %
% % % % % % . . . . . % % % % % % % % . . % % % % % % % % % . . % % % % % % %
% . . % % % % % % % % % . % % % % % % % . . % % % % % % % . % % % % % % % % .
. . . . . % % % % % % % . . . . . . % % % % % % % % . . . . . . % % % % % % %
. . . . % % % % % % % . % % % % % % % % % . . . . . . . . . . . % % % % % . %
% % % % % % . . . . . . . . . . . . . . . . . . % % % % % % % % % . . % % % %
% . % % % % % % % % % . . % % % % % % % % % % % % % . . . . . . . . . . . . .
. . . . . . . % % % % % % % % . % % % % % % % % % % % % . . % % % % % % % . .
% % % % % % % . . % % % % % % % % % . . . . . . . . . . . . . . . . . . . . .
. . . . . . . . . . . . . . . . . . . . . . . % % % % % . . % % % % % % % % %
. . . . . . . . . . . . . . . . . . . . . . . . . . . . . . . % % % % % % % %
% . % % % % % % % % . . . . . . . . . . . . . . . . . . . . . . . . . . . . .
. . . . . . . . . . . . . . . . . . . . . . . . . . . . . . . . . . . . . . .
. . . . . . . . . . . . . . . . . . . . . . . . . . . . . . . . . . . . . . .
. . . . . % % % % % % % % % % % . . % % % % % % % . % % % % % % % . % % % % %
% % . % % % % % % % . . . . . . . % % % % % % % % % % % % % . % % % % % % % %
% % % % % % % % % % % % % % % % % % % % % % % % . . . . . . . . . . . . . . .
. . . . . . . . . . . . . . . . . . . . . . . . . . . . . . . . . . . . . . .
. . . . . . . . . . . . . . . . . . . . . . . . . . . . . . . . . . . . . . .
. . . . . . . . . . . . . . . . . . . . . . . . . % % % % % % % . . . . . . .
. . . . . . . . . . . . . . % % % % % % % % % % % % . . . . . . . . . . . . .
. . . . . . . . . . . . . . . . . . . . . . . . . . . . % % % % % % % . . . .
. . . . . . . . . . . . . . . . . . % % % % % % % % % % . . . . . . . . . . .
. . . . . . . . . . % % % % % % % % % . . . . . . . . . . . . . . . . . . . .
. % % % % % % % % % . . . . . . . . . . . . . . . . . . . . . . . . . . . . %
% % % % % % % % % % % % % % % % % . . . . . . . . . . . . . . . . . . . . . .
. . . . . . % % % % % % % % % . . . . . . . . % % % % % % % % % % % % % % % .
. . . . . . . % % % % % % % % % % % % % % % % % % % % % % % % % % % % % % % %
% % % % % % % % . . . . . . . . . . . . . . % . . % . . % % % % % % % % % % %
% % % % % . . . . . . . . . . . . . . . . . . . . . . . . % % % % % % % % . %
% % % % % % . % % % % % % . . . . . . . . . . . . . . . . . . . . . . . . . %
% % % % % % . . . . . . . . % % % % % % % % % % % % . . . . . . . . . . . . .
. . . . . . . . . . . . . . . . . % % % % % % % % % % % % % % . % % % % % % %
. % % % % % % % . . % % % % % % % % % . . . . . . . % % % % % % % % % % % % .
% % % % % % % . . . . . . . . . . . . . . . . . . . % % % . . . . . . . . . .
. . . . . . . . . . . . . . % % % . . . . . % % % % % % % % % % % . % % % % %
% % . . . . . . . . . . . . . % % % . . . . . . . . . . . . . . . . . . . . .
. . % % % % . . . . % % % % % % % % . . . . . . . . . . . . . . . . . . . % %
% % % % % . % % % % % % % % % . % % % % % % % % . % % % % % % % . . . . . . .
% % % % % % % % % % % % % % . . . . . . . . . . % % % % % % % % % % % % % % .
. . . . . . . . . . . . . . . . . . . . . . . . . % % % % % % % % . % % % % %
% % . % % % % % % % . % % % % % % % % % % % . % % % % % % % % % % . . . . . .
. . . . . . . . . % % % % % % % % % . . . . . . . % % % % % % % % % . . . . .
. . % % % % % % % % % % % . . . . . . . . . . . . . . . . . % % % % % % % % .
% % % % % % % % % . % % % % % % % % % % % % % % % % % . . . . . . . . . . . .
. . . . . . . . . . . . . . . . . . . . . . . . . . . . . . . . . . . . . . .
. % % % % % % % % % % . . . . . . . . . . . . . . . . . . . . % % % % % % % %
% % % % % . . % % % . . . . % % % . . . . . . . . . . . . . . % % % % % % % %
% % . . . . . . . . . . . . . . . . . . . . . . . . . . . . . . . . . . . . .
. . . . . . . . % % % % % % % % % . . . . . . . . % % % % % % % % % % % % . .
. . . . . . . . . . . . . . . . . . % % % % % % % . . . . % % % % % % % % % %
% % % % % . . . . . . . . . . . . . . . . . . . . . . . . . . . . . . . . . .
. . . . . . . . . . . . . % % % % % % % % % % . % % % % % % % . % % % % % % %
% % % % % % % . % % % % % % % % % % % . % % % % % % % . % % % % % % % . % % %
% % % % . % % % % % % . . . . . . . . . . . . . . . % % % % % . . . . . . . .
. . . % % % % % % % % . % % % % % % % . % % % % % % % . % % % % % % % . % % %
% % % . . . . . . . . . . . . . . . % % % % % . . . . . . . . . . . % % % % %
% . % % % % % % % % % % % % % . . . . . . . . . . . . . . . . . . . . . . . .
. . . % % % % % % . % % % % % % % . % % % % % % . . . . . . . . . . . . . % %
% % % . . . . . . . . . % % % % % % % % % % % % % % . . . . . . . % % % % % %
% % % . % % % % % % % % . . % % % % % % % % % . . . . . . . . . . . . . . % %
% % % % % % % % % % % . . . . . . . % % % % % % % % % % % . > % % % % % % % %
%
File acmart.dtx ended by \endinput.
Lines  processed: 6275
Comments removed: 3739
Comments  passed: 15
Codelines passed: 2513

*****************************************************
* Congratulations!  You successfully  generated the *
* acmart package.                                   *
*                                                   *
* Please move the file acmart.cls to where LaTeX    *
* files are stored in  your system.  The manual is  *
* acmart.pdf.                                       *
*                                                   *
* The package is released under LPPL                *
*                                                   *
* Happy TeXing!                                     *
*****************************************************
) ) ) 
Here is how much of TeX's memory you used:
 311 strings out of 493029
 3145 string characters out of 6136234
 57263 words of memory out of 5000000
 3939 multiletter control sequences out of 15000+600000
 3640 words of font info for 14 fonts, out of 8000000 for 9000
 1141 hyphenation exceptions out of 8191
 15i,0n,15p,154b,118s stack positions out of 5000i,500n,10000p,200000b,80000s

No pages of output.
PDF statistics:
 0 PDF objects out of 1000 (max. 8388607)
 0 named destinations out of 1000 (max. 500000)
 1 words of extra memory for PDF output out of 10000 (max. 10000000)

